[debug] [2025-03-30T18:12:01.400Z] ----------------------------------------------------------------------
[debug] [2025-03-30T18:12:01.402Z] Command:       /Users/cristiturcan/.nvm/versions/node/v23.1.0/bin/node /Users/cristiturcan/.nvm/versions/node/v23.1.0/bin/firebase deploy --only functions --debug
[debug] [2025-03-30T18:12:01.402Z] CLI Version:   14.0.1
[debug] [2025-03-30T18:12:01.402Z] Platform:      darwin
[debug] [2025-03-30T18:12:01.402Z] Node Version:  v23.1.0
[debug] [2025-03-30T18:12:01.402Z] Time:          Sun Mar 30 2025 21:12:01 GMT+0300 (Eastern European Summer Time)
[debug] [2025-03-30T18:12:01.402Z] ----------------------------------------------------------------------
[debug] 
[debug] [2025-03-30T18:12:01.478Z] > command requires scopes: ["email","openid","https://www.googleapis.com/auth/cloudplatformprojects.readonly","https://www.googleapis.com/auth/firebase","https://www.googleapis.com/auth/cloud-platform"]
[debug] [2025-03-30T18:12:01.479Z] > authorizing via signed-in user (turcancristian02@gmail.com)
[debug] [2025-03-30T18:12:01.479Z] [iam] checking project outnow-8fb25 for permissions ["cloudfunctions.functions.create","cloudfunctions.functions.delete","cloudfunctions.functions.get","cloudfunctions.functions.list","cloudfunctions.functions.update","cloudfunctions.operations.get","firebase.projects.get"]
[debug] [2025-03-30T18:12:01.480Z] Checked if tokens are valid: true, expires at: 1743359826912
[debug] [2025-03-30T18:12:01.480Z] Checked if tokens are valid: true, expires at: 1743359826912
[debug] [2025-03-30T18:12:01.480Z] >>> [apiv2][query] POST https://cloudresourcemanager.googleapis.com/v1/projects/outnow-8fb25:testIamPermissions [none]
[debug] [2025-03-30T18:12:01.480Z] >>> [apiv2][(partial)header] POST https://cloudresourcemanager.googleapis.com/v1/projects/outnow-8fb25:testIamPermissions x-goog-quota-user=projects/outnow-8fb25
[debug] [2025-03-30T18:12:01.480Z] >>> [apiv2][body] POST https://cloudresourcemanager.googleapis.com/v1/projects/outnow-8fb25:testIamPermissions {"permissions":["cloudfunctions.functions.create","cloudfunctions.functions.delete","cloudfunctions.functions.get","cloudfunctions.functions.list","cloudfunctions.functions.update","cloudfunctions.operations.get","firebase.projects.get"]}
[debug] [2025-03-30T18:12:02.355Z] <<< [apiv2][status] POST https://cloudresourcemanager.googleapis.com/v1/projects/outnow-8fb25:testIamPermissions 200
[debug] [2025-03-30T18:12:02.356Z] <<< [apiv2][body] POST https://cloudresourcemanager.googleapis.com/v1/projects/outnow-8fb25:testIamPermissions {"permissions":["cloudfunctions.functions.create","cloudfunctions.functions.delete","cloudfunctions.functions.get","cloudfunctions.functions.list","cloudfunctions.functions.update","cloudfunctions.operations.get","firebase.projects.get"]}
[debug] [2025-03-30T18:12:02.356Z] Checked if tokens are valid: true, expires at: 1743359826912
[debug] [2025-03-30T18:12:02.356Z] Checked if tokens are valid: true, expires at: 1743359826912
[debug] [2025-03-30T18:12:02.356Z] >>> [apiv2][query] POST https://iam.googleapis.com/v1/projects/outnow-8fb25/serviceAccounts/outnow-8fb25@appspot.gserviceaccount.com:testIamPermissions [none]
[debug] [2025-03-30T18:12:02.356Z] >>> [apiv2][body] POST https://iam.googleapis.com/v1/projects/outnow-8fb25/serviceAccounts/outnow-8fb25@appspot.gserviceaccount.com:testIamPermissions {"permissions":["iam.serviceAccounts.actAs"]}
[debug] [2025-03-30T18:12:02.645Z] <<< [apiv2][status] POST https://iam.googleapis.com/v1/projects/outnow-8fb25/serviceAccounts/outnow-8fb25@appspot.gserviceaccount.com:testIamPermissions 200
[debug] [2025-03-30T18:12:02.645Z] <<< [apiv2][body] POST https://iam.googleapis.com/v1/projects/outnow-8fb25/serviceAccounts/outnow-8fb25@appspot.gserviceaccount.com:testIamPermissions {"permissions":["iam.serviceAccounts.actAs"]}
[info] 
[info] === Deploying to 'outnow-8fb25'...
[info] 
[info] i  deploying functions 
[info] Running command: npm --prefix "$RESOURCE_DIR" run lint
[info] Running command: npm --prefix "$RESOURCE_DIR" run build
[info] ✔  functions: Finished running predeploy script. 
[debug] [2025-03-30T18:12:06.256Z] Checked if tokens are valid: true, expires at: 1743359826912
[debug] [2025-03-30T18:12:06.256Z] Checked if tokens are valid: true, expires at: 1743359826912
[debug] [2025-03-30T18:12:06.256Z] >>> [apiv2][query] GET https://cloudresourcemanager.googleapis.com/v1/projects/outnow-8fb25 [none]
[debug] [2025-03-30T18:12:06.464Z] <<< [apiv2][status] GET https://cloudresourcemanager.googleapis.com/v1/projects/outnow-8fb25 200
[debug] [2025-03-30T18:12:06.465Z] <<< [apiv2][body] GET https://cloudresourcemanager.googleapis.com/v1/projects/outnow-8fb25 {"projectNumber":"952750487663","projectId":"outnow-8fb25","lifecycleState":"ACTIVE","name":"outnow","labels":{"firebase":"enabled"},"createTime":"2024-11-16T14:47:22.818640Z"}
[info] i  functions: preparing codebase default for deployment 
[info] i  functions: ensuring required API cloudfunctions.googleapis.com is enabled... 
[debug] [2025-03-30T18:12:06.466Z] Checked if tokens are valid: true, expires at: 1743359826912
[debug] [2025-03-30T18:12:06.466Z] Checked if tokens are valid: true, expires at: 1743359826912
[debug] [2025-03-30T18:12:06.466Z] Checked if tokens are valid: true, expires at: 1743359826912
[debug] [2025-03-30T18:12:06.466Z] Checked if tokens are valid: true, expires at: 1743359826912
[info] i  functions: ensuring required API cloudbuild.googleapis.com is enabled... 
[debug] [2025-03-30T18:12:06.467Z] Checked if tokens are valid: true, expires at: 1743359826912
[debug] [2025-03-30T18:12:06.467Z] Checked if tokens are valid: true, expires at: 1743359826912
[info] i  artifactregistry: ensuring required API artifactregistry.googleapis.com is enabled... 
[debug] [2025-03-30T18:12:06.467Z] Checked if tokens are valid: true, expires at: 1743359826912
[debug] [2025-03-30T18:12:06.467Z] Checked if tokens are valid: true, expires at: 1743359826912
[debug] [2025-03-30T18:12:06.467Z] >>> [apiv2][query] GET https://serviceusage.googleapis.com/v1/projects/outnow-8fb25/services/cloudfunctions.googleapis.com [none]
[debug] [2025-03-30T18:12:06.467Z] >>> [apiv2][(partial)header] GET https://serviceusage.googleapis.com/v1/projects/outnow-8fb25/services/cloudfunctions.googleapis.com x-goog-quota-user=projects/outnow-8fb25
[debug] [2025-03-30T18:12:06.469Z] >>> [apiv2][query] GET https://serviceusage.googleapis.com/v1/projects/outnow-8fb25/services/runtimeconfig.googleapis.com [none]
[debug] [2025-03-30T18:12:06.469Z] >>> [apiv2][(partial)header] GET https://serviceusage.googleapis.com/v1/projects/outnow-8fb25/services/runtimeconfig.googleapis.com x-goog-quota-user=projects/outnow-8fb25
[debug] [2025-03-30T18:12:06.470Z] >>> [apiv2][query] GET https://serviceusage.googleapis.com/v1/projects/outnow-8fb25/services/cloudbuild.googleapis.com [none]
[debug] [2025-03-30T18:12:06.470Z] >>> [apiv2][(partial)header] GET https://serviceusage.googleapis.com/v1/projects/outnow-8fb25/services/cloudbuild.googleapis.com x-goog-quota-user=projects/outnow-8fb25
[debug] [2025-03-30T18:12:06.471Z] >>> [apiv2][query] GET https://serviceusage.googleapis.com/v1/projects/outnow-8fb25/services/artifactregistry.googleapis.com [none]
[debug] [2025-03-30T18:12:06.471Z] >>> [apiv2][(partial)header] GET https://serviceusage.googleapis.com/v1/projects/outnow-8fb25/services/artifactregistry.googleapis.com x-goog-quota-user=projects/outnow-8fb25
[debug] [2025-03-30T18:12:07.047Z] <<< [apiv2][status] GET https://serviceusage.googleapis.com/v1/projects/outnow-8fb25/services/cloudfunctions.googleapis.com 200
[debug] [2025-03-30T18:12:07.047Z] <<< [apiv2][body] GET https://serviceusage.googleapis.com/v1/projects/outnow-8fb25/services/cloudfunctions.googleapis.com [omitted]
[info] ✔  functions: required API cloudfunctions.googleapis.com is enabled 
[debug] [2025-03-30T18:12:07.645Z] <<< [apiv2][status] GET https://serviceusage.googleapis.com/v1/projects/outnow-8fb25/services/runtimeconfig.googleapis.com 200
[debug] [2025-03-30T18:12:07.645Z] <<< [apiv2][body] GET https://serviceusage.googleapis.com/v1/projects/outnow-8fb25/services/runtimeconfig.googleapis.com [omitted]
[debug] [2025-03-30T18:12:07.647Z] <<< [apiv2][status] GET https://serviceusage.googleapis.com/v1/projects/outnow-8fb25/services/cloudbuild.googleapis.com 200
[debug] [2025-03-30T18:12:07.647Z] <<< [apiv2][body] GET https://serviceusage.googleapis.com/v1/projects/outnow-8fb25/services/cloudbuild.googleapis.com [omitted]
[info] ✔  functions: required API cloudbuild.googleapis.com is enabled 
[debug] [2025-03-30T18:12:07.648Z] <<< [apiv2][status] GET https://serviceusage.googleapis.com/v1/projects/outnow-8fb25/services/artifactregistry.googleapis.com 200
[debug] [2025-03-30T18:12:07.649Z] <<< [apiv2][body] GET https://serviceusage.googleapis.com/v1/projects/outnow-8fb25/services/artifactregistry.googleapis.com [omitted]
[info] ✔  artifactregistry: required API artifactregistry.googleapis.com is enabled 
[debug] [2025-03-30T18:12:07.649Z] Checked if tokens are valid: true, expires at: 1743359826912
[debug] [2025-03-30T18:12:07.649Z] Checked if tokens are valid: true, expires at: 1743359826912
[debug] [2025-03-30T18:12:07.649Z] >>> [apiv2][query] GET https://firebase.googleapis.com/v1beta1/projects/outnow-8fb25/adminSdkConfig [none]
[debug] [2025-03-30T18:12:07.975Z] <<< [apiv2][status] GET https://firebase.googleapis.com/v1beta1/projects/outnow-8fb25/adminSdkConfig 200
[debug] [2025-03-30T18:12:07.976Z] <<< [apiv2][body] GET https://firebase.googleapis.com/v1beta1/projects/outnow-8fb25/adminSdkConfig {"projectId":"outnow-8fb25","storageBucket":"outnow-8fb25.firebasestorage.app"}
[debug] [2025-03-30T18:12:07.977Z] Checked if tokens are valid: true, expires at: 1743359826912
[debug] [2025-03-30T18:12:07.977Z] Checked if tokens are valid: true, expires at: 1743359826912
[debug] [2025-03-30T18:12:07.977Z] >>> [apiv2][query] GET https://runtimeconfig.googleapis.com/v1beta1/projects/outnow-8fb25/configs [none]
[debug] [2025-03-30T18:12:08.333Z] <<< [apiv2][status] GET https://runtimeconfig.googleapis.com/v1beta1/projects/outnow-8fb25/configs 200
[debug] [2025-03-30T18:12:08.334Z] <<< [apiv2][body] GET https://runtimeconfig.googleapis.com/v1beta1/projects/outnow-8fb25/configs {}
[debug] [2025-03-30T18:12:08.337Z] Validating nodejs source
[debug] [2025-03-30T18:12:09.296Z] > [functions] package.json contents: {
  "name": "functions",
  "scripts": {
    "lint": "eslint --ext .js,.ts .",
    "build": "tsc",
    "build:watch": "tsc --watch",
    "serve": "npm run build && firebase emulators:start --only functions",
    "shell": "npm run build && firebase functions:shell",
    "start": "npm run shell",
    "deploy": "firebase deploy --only functions",
    "logs": "firebase functions:log"
  },
  "engines": {
    "node": "22"
  },
  "main": "lib/index.js",
  "dependencies": {
    "firebase-admin": "^12.6.0",
    "firebase-functions": "^6.0.1"
  },
  "devDependencies": {
    "@typescript-eslint/eslint-plugin": "^5.12.0",
    "@typescript-eslint/parser": "^5.12.0",
    "eslint": "^8.9.0",
    "eslint-config-google": "^0.14.0",
    "eslint-plugin-import": "^2.25.4",
    "firebase-functions-test": "^3.1.0",
    "typescript": "^4.9.0"
  },
  "private": true
}
[debug] [2025-03-30T18:12:09.297Z] Building nodejs source
[info] i  functions: Loading and analyzing source code for codebase default to determine what to deploy 
[debug] [2025-03-30T18:12:09.297Z] Could not find functions.yaml. Must use http discovery
[debug] [2025-03-30T18:12:09.304Z] Found firebase-functions binary at '/Users/cristiturcan/OutNow/outnow/functions/node_modules/.bin/firebase-functions'
[info] Serving at port 8536

[debug] [2025-03-30T18:12:09.562Z] Got response from /__/functions.yaml {"endpoints":{"setUserRole":{"availableMemoryMb":null,"timeoutSeconds":null,"minInstances":null,"maxInstances":null,"ingressSettings":null,"concurrency":null,"serviceAccountEmail":null,"vpc":null,"platform":"gcfv2","labels":{},"callableTrigger":{},"entryPoint":"setUserRole"}},"specVersion":"v1alpha1","requiredAPIs":[],"extensions":{}}
[info] i  extensions: ensuring required API firebaseextensions.googleapis.com is enabled... 
[debug] [2025-03-30T18:12:13.578Z] Checked if tokens are valid: true, expires at: 1743359826912
[debug] [2025-03-30T18:12:13.578Z] Checked if tokens are valid: true, expires at: 1743359826912
[debug] [2025-03-30T18:12:13.578Z] >>> [apiv2][query] GET https://serviceusage.googleapis.com/v1/projects/outnow-8fb25/services/firebaseextensions.googleapis.com [none]
[debug] [2025-03-30T18:12:13.578Z] >>> [apiv2][(partial)header] GET https://serviceusage.googleapis.com/v1/projects/outnow-8fb25/services/firebaseextensions.googleapis.com x-goog-quota-user=projects/outnow-8fb25
[debug] [2025-03-30T18:12:14.634Z] <<< [apiv2][status] GET https://serviceusage.googleapis.com/v1/projects/outnow-8fb25/services/firebaseextensions.googleapis.com 200
[debug] [2025-03-30T18:12:14.634Z] <<< [apiv2][body] GET https://serviceusage.googleapis.com/v1/projects/outnow-8fb25/services/firebaseextensions.googleapis.com [omitted]
[info] ✔  extensions: required API firebaseextensions.googleapis.com is enabled 
[debug] [2025-03-30T18:12:14.634Z] > command requires scopes: ["email","openid","https://www.googleapis.com/auth/cloudplatformprojects.readonly","https://www.googleapis.com/auth/firebase","https://www.googleapis.com/auth/cloud-platform"]
[debug] [2025-03-30T18:12:14.635Z] > authorizing via signed-in user (turcancristian02@gmail.com)
[debug] [2025-03-30T18:12:14.635Z] [iam] checking project outnow-8fb25 for permissions ["firebase.projects.get","firebaseextensions.instances.list"]
[debug] [2025-03-30T18:12:14.635Z] Checked if tokens are valid: true, expires at: 1743359826912
[debug] [2025-03-30T18:12:14.635Z] Checked if tokens are valid: true, expires at: 1743359826912
[debug] [2025-03-30T18:12:14.635Z] >>> [apiv2][query] POST https://cloudresourcemanager.googleapis.com/v1/projects/outnow-8fb25:testIamPermissions [none]
[debug] [2025-03-30T18:12:14.635Z] >>> [apiv2][(partial)header] POST https://cloudresourcemanager.googleapis.com/v1/projects/outnow-8fb25:testIamPermissions x-goog-quota-user=projects/outnow-8fb25
[debug] [2025-03-30T18:12:14.635Z] >>> [apiv2][body] POST https://cloudresourcemanager.googleapis.com/v1/projects/outnow-8fb25:testIamPermissions {"permissions":["firebase.projects.get","firebaseextensions.instances.list"]}
[debug] [2025-03-30T18:12:15.456Z] <<< [apiv2][status] POST https://cloudresourcemanager.googleapis.com/v1/projects/outnow-8fb25:testIamPermissions 200
[debug] [2025-03-30T18:12:15.456Z] <<< [apiv2][body] POST https://cloudresourcemanager.googleapis.com/v1/projects/outnow-8fb25:testIamPermissions {"permissions":["firebase.projects.get","firebaseextensions.instances.list"]}
[debug] [2025-03-30T18:12:15.457Z] Checked if tokens are valid: true, expires at: 1743359826912
[debug] [2025-03-30T18:12:15.457Z] Checked if tokens are valid: true, expires at: 1743359826912
[debug] [2025-03-30T18:12:15.458Z] >>> [apiv2][query] GET https://firebaseextensions.googleapis.com/v1beta/projects/outnow-8fb25/instances pageSize=100&pageToken=
[debug] [2025-03-30T18:12:16.335Z] <<< [apiv2][status] GET https://firebaseextensions.googleapis.com/v1beta/projects/outnow-8fb25/instances 200
[debug] [2025-03-30T18:12:16.336Z] <<< [apiv2][body] GET https://firebaseextensions.googleapis.com/v1beta/projects/outnow-8fb25/instances {}
[info] i  functions: preparing functions directory for uploading... 
[info] i  functions: packaged /Users/cristiturcan/OutNow/outnow/functions (87.87 KB) for uploading 
[debug] [2025-03-30T18:12:16.372Z] Checked if tokens are valid: true, expires at: 1743359826912
[debug] [2025-03-30T18:12:16.372Z] Checked if tokens are valid: true, expires at: 1743359826912
[debug] [2025-03-30T18:12:16.372Z] >>> [apiv2][query] GET https://cloudfunctions.googleapis.com/v1/projects/outnow-8fb25/locations/-/functions [none]
[debug] [2025-03-30T18:12:17.096Z] <<< [apiv2][status] GET https://cloudfunctions.googleapis.com/v1/projects/outnow-8fb25/locations/-/functions 200
[debug] [2025-03-30T18:12:17.096Z] <<< [apiv2][body] GET https://cloudfunctions.googleapis.com/v1/projects/outnow-8fb25/locations/-/functions {}
[debug] [2025-03-30T18:12:17.097Z] Checked if tokens are valid: true, expires at: 1743359826912
[debug] [2025-03-30T18:12:17.097Z] Checked if tokens are valid: true, expires at: 1743359826912
[debug] [2025-03-30T18:12:17.097Z] >>> [apiv2][query] GET https://cloudfunctions.googleapis.com/v2/projects/outnow-8fb25/locations/-/functions filter=environment%3D%22GEN_2%22
[debug] [2025-03-30T18:12:18.130Z] <<< [apiv2][status] GET https://cloudfunctions.googleapis.com/v2/projects/outnow-8fb25/locations/-/functions 200
[debug] [2025-03-30T18:12:18.131Z] <<< [apiv2][body] GET https://cloudfunctions.googleapis.com/v2/projects/outnow-8fb25/locations/-/functions {}
[info] i  functions: ensuring required API run.googleapis.com is enabled... 
[debug] [2025-03-30T18:12:18.134Z] Checked if tokens are valid: true, expires at: 1743359826912
[debug] [2025-03-30T18:12:18.134Z] Checked if tokens are valid: true, expires at: 1743359826912
[info] i  functions: ensuring required API eventarc.googleapis.com is enabled... 
[debug] [2025-03-30T18:12:18.135Z] Checked if tokens are valid: true, expires at: 1743359826912
[debug] [2025-03-30T18:12:18.135Z] Checked if tokens are valid: true, expires at: 1743359826912
[info] i  functions: ensuring required API pubsub.googleapis.com is enabled... 
[debug] [2025-03-30T18:12:18.135Z] Checked if tokens are valid: true, expires at: 1743359826912
[debug] [2025-03-30T18:12:18.135Z] Checked if tokens are valid: true, expires at: 1743359826912
[info] i  functions: ensuring required API storage.googleapis.com is enabled... 
[debug] [2025-03-30T18:12:18.135Z] Checked if tokens are valid: true, expires at: 1743359826912
[debug] [2025-03-30T18:12:18.135Z] Checked if tokens are valid: true, expires at: 1743359826912
[debug] [2025-03-30T18:12:18.135Z] >>> [apiv2][query] GET https://serviceusage.googleapis.com/v1/projects/outnow-8fb25/services/run.googleapis.com [none]
[debug] [2025-03-30T18:12:18.135Z] >>> [apiv2][(partial)header] GET https://serviceusage.googleapis.com/v1/projects/outnow-8fb25/services/run.googleapis.com x-goog-quota-user=projects/outnow-8fb25
[debug] [2025-03-30T18:12:18.136Z] >>> [apiv2][query] GET https://serviceusage.googleapis.com/v1/projects/outnow-8fb25/services/eventarc.googleapis.com [none]
[debug] [2025-03-30T18:12:18.136Z] >>> [apiv2][(partial)header] GET https://serviceusage.googleapis.com/v1/projects/outnow-8fb25/services/eventarc.googleapis.com x-goog-quota-user=projects/outnow-8fb25
[debug] [2025-03-30T18:12:18.138Z] >>> [apiv2][query] GET https://serviceusage.googleapis.com/v1/projects/outnow-8fb25/services/pubsub.googleapis.com [none]
[debug] [2025-03-30T18:12:18.138Z] >>> [apiv2][(partial)header] GET https://serviceusage.googleapis.com/v1/projects/outnow-8fb25/services/pubsub.googleapis.com x-goog-quota-user=projects/outnow-8fb25
[debug] [2025-03-30T18:12:18.139Z] >>> [apiv2][query] GET https://serviceusage.googleapis.com/v1/projects/outnow-8fb25/services/storage.googleapis.com [none]
[debug] [2025-03-30T18:12:18.140Z] >>> [apiv2][(partial)header] GET https://serviceusage.googleapis.com/v1/projects/outnow-8fb25/services/storage.googleapis.com x-goog-quota-user=projects/outnow-8fb25
[debug] [2025-03-30T18:12:19.139Z] <<< [apiv2][status] GET https://serviceusage.googleapis.com/v1/projects/outnow-8fb25/services/eventarc.googleapis.com 200
[debug] [2025-03-30T18:12:19.140Z] <<< [apiv2][body] GET https://serviceusage.googleapis.com/v1/projects/outnow-8fb25/services/eventarc.googleapis.com [omitted]
[info] ✔  functions: required API eventarc.googleapis.com is enabled 
[debug] [2025-03-30T18:12:19.143Z] <<< [apiv2][status] GET https://serviceusage.googleapis.com/v1/projects/outnow-8fb25/services/run.googleapis.com 200
[debug] [2025-03-30T18:12:19.143Z] <<< [apiv2][body] GET https://serviceusage.googleapis.com/v1/projects/outnow-8fb25/services/run.googleapis.com [omitted]
[info] ✔  functions: required API run.googleapis.com is enabled 
[debug] [2025-03-30T18:12:19.145Z] <<< [apiv2][status] GET https://serviceusage.googleapis.com/v1/projects/outnow-8fb25/services/pubsub.googleapis.com 200
[debug] [2025-03-30T18:12:19.145Z] <<< [apiv2][body] GET https://serviceusage.googleapis.com/v1/projects/outnow-8fb25/services/pubsub.googleapis.com [omitted]
[info] ✔  functions: required API pubsub.googleapis.com is enabled 
[debug] [2025-03-30T18:12:19.146Z] <<< [apiv2][status] GET https://serviceusage.googleapis.com/v1/projects/outnow-8fb25/services/storage.googleapis.com 200
[debug] [2025-03-30T18:12:19.146Z] <<< [apiv2][body] GET https://serviceusage.googleapis.com/v1/projects/outnow-8fb25/services/storage.googleapis.com [omitted]
[info] ✔  functions: required API storage.googleapis.com is enabled 
[info] i  functions: generating the service identity for pubsub.googleapis.com... 
[debug] [2025-03-30T18:12:19.146Z] Checked if tokens are valid: true, expires at: 1743359826912
[debug] [2025-03-30T18:12:19.146Z] Checked if tokens are valid: true, expires at: 1743359826912
[info] i  functions: generating the service identity for eventarc.googleapis.com... 
[debug] [2025-03-30T18:12:19.146Z] Checked if tokens are valid: true, expires at: 1743359826912
[debug] [2025-03-30T18:12:19.146Z] Checked if tokens are valid: true, expires at: 1743359826912
[debug] [2025-03-30T18:12:19.147Z] >>> [apiv2][query] POST https://serviceusage.googleapis.com/v1beta1/projects/952750487663/services/pubsub.googleapis.com:generateServiceIdentity [none]
[debug] [2025-03-30T18:12:19.147Z] >>> [apiv2][query] POST https://serviceusage.googleapis.com/v1beta1/projects/952750487663/services/eventarc.googleapis.com:generateServiceIdentity [none]
[debug] [2025-03-30T18:12:19.548Z] <<< [apiv2][status] POST https://serviceusage.googleapis.com/v1beta1/projects/952750487663/services/pubsub.googleapis.com:generateServiceIdentity 200
[debug] [2025-03-30T18:12:19.549Z] <<< [apiv2][body] POST https://serviceusage.googleapis.com/v1beta1/projects/952750487663/services/pubsub.googleapis.com:generateServiceIdentity {"name":"operations/finished.DONE_OPERATION","done":true,"response":{"@type":"type.googleapis.com/google.api.serviceusage.v1beta1.ServiceIdentity","email":"service-952750487663@gcp-sa-pubsub.iam.gserviceaccount.com","uniqueId":"110487581996068381003"}}
[debug] [2025-03-30T18:12:19.562Z] <<< [apiv2][status] POST https://serviceusage.googleapis.com/v1beta1/projects/952750487663/services/eventarc.googleapis.com:generateServiceIdentity 200
[debug] [2025-03-30T18:12:19.562Z] <<< [apiv2][body] POST https://serviceusage.googleapis.com/v1beta1/projects/952750487663/services/eventarc.googleapis.com:generateServiceIdentity {"name":"operations/finished.DONE_OPERATION","done":true,"response":{"@type":"type.googleapis.com/google.api.serviceusage.v1beta1.ServiceIdentity","email":"service-952750487663@gcp-sa-eventarc.iam.gserviceaccount.com","uniqueId":"101905120777999523664"}}
[debug] [2025-03-30T18:12:19.564Z] Checked if tokens are valid: true, expires at: 1743359826912
[debug] [2025-03-30T18:12:19.564Z] Checked if tokens are valid: true, expires at: 1743359826912
[debug] [2025-03-30T18:12:19.564Z] >>> [apiv2][query] GET https://cloudresourcemanager.googleapis.com/v1/projects/outnow-8fb25 [none]
[debug] [2025-03-30T18:12:19.780Z] <<< [apiv2][status] GET https://cloudresourcemanager.googleapis.com/v1/projects/outnow-8fb25 200
[debug] [2025-03-30T18:12:19.780Z] <<< [apiv2][body] GET https://cloudresourcemanager.googleapis.com/v1/projects/outnow-8fb25 {"projectNumber":"952750487663","projectId":"outnow-8fb25","lifecycleState":"ACTIVE","name":"outnow","labels":{"firebase":"enabled"},"createTime":"2024-11-16T14:47:22.818640Z"}
[debug] [2025-03-30T18:12:19.782Z] Checked if tokens are valid: true, expires at: 1743359826912
[debug] [2025-03-30T18:12:19.782Z] Checked if tokens are valid: true, expires at: 1743359826912
[debug] [2025-03-30T18:12:19.782Z] >>> [apiv2][query] GET https://cloudbilling.googleapis.com/v1/projects/outnow-8fb25/billingInfo [none]
[debug] [2025-03-30T18:12:20.591Z] <<< [apiv2][status] GET https://cloudbilling.googleapis.com/v1/projects/outnow-8fb25/billingInfo 200
[debug] [2025-03-30T18:12:20.592Z] <<< [apiv2][body] GET https://cloudbilling.googleapis.com/v1/projects/outnow-8fb25/billingInfo {"name":"projects/outnow-8fb25/billingInfo","projectId":"outnow-8fb25","billingAccountName":"billingAccounts/010D33-A3750D-EB6255","billingEnabled":true}
[debug] [2025-03-30T18:12:20.594Z] Checked if tokens are valid: true, expires at: 1743359826912
[debug] [2025-03-30T18:12:20.594Z] Checked if tokens are valid: true, expires at: 1743359826912
[debug] [2025-03-30T18:12:20.594Z] >>> [apiv2][query] POST https://cloudfunctions.googleapis.com/v2/projects/outnow-8fb25/locations/us-central1/functions:generateUploadUrl [none]
[debug] [2025-03-30T18:12:21.385Z] <<< [apiv2][status] POST https://cloudfunctions.googleapis.com/v2/projects/outnow-8fb25/locations/us-central1/functions:generateUploadUrl 200
[debug] [2025-03-30T18:12:21.386Z] <<< [apiv2][body] POST https://cloudfunctions.googleapis.com/v2/projects/outnow-8fb25/locations/us-central1/functions:generateUploadUrl {"uploadUrl":"https://storage.googleapis.com/gcf-v2-uploads-952750487663.us-central1.cloudfunctions.appspot.com/956ec678-b862-4771-bf34-34e3cb6daa8f.zip?GoogleAccessId=service-952750487663@gcf-admin-robot.iam.gserviceaccount.com&Expires=1743360141&Signature=WXrKpZZbVRsA3%2B4Pg1beCR0orNULSkt2zUS7Xa0ZwbQ2jnBTpDugVg29kEFEQ7r5FBnXUwOATiq%2F0uWa9LONFLptWm89KOeAFKx4tiewAt6X9jcL1Prg04R2gP%2BZ68X6gHcY8hGPc%2BrX%2Bm%2BQ2afwkxHlADWEyEtI7ivcxWAFDRRxvDCd7umE7LthX8smX2dKCca%2FZD8sXfAK229AELQJxhsonPI4Z4kClH7DM3XZIj1uZEngw33XymE%2BLD2zGb4YbCU17FlI90rPZAGDGLrGq7iRKa7qPcHn1bgSK4TpRAah7sUk2veFJSgo5y2FIFt%2FACzSHQyB2Wq7itQVnppMXg%3D%3D","storageSource":{"bucket":"gcf-v2-uploads-952750487663.us-central1.cloudfunctions.appspot.com","object":"956ec678-b862-4771-bf34-34e3cb6daa8f.zip"}}
[debug] [2025-03-30T18:12:21.388Z] >>> [apiv2][query] PUT https://storage.googleapis.com/gcf-v2-uploads-952750487663.us-central1.cloudfunctions.appspot.com/956ec678-b862-4771-bf34-34e3cb6daa8f.zip GoogleAccessId=service-952750487663%40gcf-admin-robot.iam.gserviceaccount.com&Expires=1743360141&Signature=WXrKpZZbVRsA3%2B4Pg1beCR0orNULSkt2zUS7Xa0ZwbQ2jnBTpDugVg29kEFEQ7r5FBnXUwOATiq%2F0uWa9LONFLptWm89KOeAFKx4tiewAt6X9jcL1Prg04R2gP%2BZ68X6gHcY8hGPc%2BrX%2Bm%2BQ2afwkxHlADWEyEtI7ivcxWAFDRRxvDCd7umE7LthX8smX2dKCca%2FZD8sXfAK229AELQJxhsonPI4Z4kClH7DM3XZIj1uZEngw33XymE%2BLD2zGb4YbCU17FlI90rPZAGDGLrGq7iRKa7qPcHn1bgSK4TpRAah7sUk2veFJSgo5y2FIFt%2FACzSHQyB2Wq7itQVnppMXg%3D%3D
[debug] [2025-03-30T18:12:21.389Z] >>> [apiv2][body] PUT https://storage.googleapis.com/gcf-v2-uploads-952750487663.us-central1.cloudfunctions.appspot.com/956ec678-b862-4771-bf34-34e3cb6daa8f.zip [stream]
[debug] [2025-03-30T18:12:21.975Z] <<< [apiv2][status] PUT https://storage.googleapis.com/gcf-v2-uploads-952750487663.us-central1.cloudfunctions.appspot.com/956ec678-b862-4771-bf34-34e3cb6daa8f.zip 200
[debug] [2025-03-30T18:12:21.976Z] <<< [apiv2][body] PUT https://storage.googleapis.com/gcf-v2-uploads-952750487663.us-central1.cloudfunctions.appspot.com/956ec678-b862-4771-bf34-34e3cb6daa8f.zip [omitted]
[info] ✔  functions: functions folder uploaded successfully 
[info] i  functions: creating Node.js 22 (2nd Gen) function setUserRole(us-central1)... 
[debug] [2025-03-30T18:12:21.982Z] Checked if tokens are valid: true, expires at: 1743359826912
[debug] [2025-03-30T18:12:21.982Z] Checked if tokens are valid: true, expires at: 1743359826912
[debug] [2025-03-30T18:12:21.982Z] >>> [apiv2][query] POST https://cloudfunctions.googleapis.com/v2/projects/outnow-8fb25/locations/us-central1/functions functionId=setUserRole
[debug] [2025-03-30T18:12:21.982Z] >>> [apiv2][body] POST https://cloudfunctions.googleapis.com/v2/projects/outnow-8fb25/locations/us-central1/functions {"name":"projects/outnow-8fb25/locations/us-central1/functions/setUserRole","buildConfig":{"runtime":"nodejs22","entryPoint":"setUserRole","source":{"storageSource":{"bucket":"gcf-v2-uploads-952750487663.us-central1.cloudfunctions.appspot.com","object":"956ec678-b862-4771-bf34-34e3cb6daa8f.zip"}},"environmentVariables":{"GOOGLE_NODE_RUN_SCRIPTS":""}},"serviceConfig":{"environmentVariables":{"FIREBASE_CONFIG":"{\"projectId\":\"outnow-8fb25\",\"storageBucket\":\"outnow-8fb25.firebasestorage.app\"}","GCLOUD_PROJECT":"outnow-8fb25","EVENTARC_CLOUD_EVENT_SOURCE":"projects/outnow-8fb25/locations/us-central1/services/setUserRole","FUNCTION_TARGET":"setUserRole","LOG_EXECUTION_ID":"true"},"ingressSettings":null,"timeoutSeconds":null,"serviceAccountEmail":null,"availableMemory":"256Mi","minInstanceCount":null,"maxInstanceCount":null,"maxInstanceRequestConcurrency":80,"availableCpu":"1","vpcConnector":null,"vpcConnectorEgressSettings":null},"labels":{"deployment-tool":"cli-firebase","deployment-callable":"true","firebase-functions-hash":"72cbf0cb0bd1ae537eec748844802afd6a52ce46"}}
[debug] [2025-03-30T18:12:23.293Z] <<< [apiv2][status] POST https://cloudfunctions.googleapis.com/v2/projects/outnow-8fb25/locations/us-central1/functions 200
[debug] [2025-03-30T18:12:23.294Z] <<< [apiv2][body] POST https://cloudfunctions.googleapis.com/v2/projects/outnow-8fb25/locations/us-central1/functions {"name":"projects/outnow-8fb25/locations/us-central1/operations/operation-1743358342648-631933ebad1bf-a6297208-4c062261","metadata":{"@type":"type.googleapis.com/google.cloud.functions.v2.OperationMetadata","createTime":"2025-03-30T18:12:23.212062611Z","target":"projects/outnow-8fb25/locations/us-central1/functions/setUserRole","verb":"create","cancelRequested":false,"apiVersion":"v2"},"done":false}
[debug] [2025-03-30T18:12:23.296Z] Checked if tokens are valid: true, expires at: 1743359826912
[debug] [2025-03-30T18:12:23.296Z] Checked if tokens are valid: true, expires at: 1743359826912
[debug] [2025-03-30T18:12:23.296Z] >>> [apiv2][query] GET https://cloudfunctions.googleapis.com/v2/projects/outnow-8fb25/locations/us-central1/operations/operation-1743358342648-631933ebad1bf-a6297208-4c062261 [none]
[debug] [2025-03-30T18:12:23.603Z] <<< [apiv2][status] GET https://cloudfunctions.googleapis.com/v2/projects/outnow-8fb25/locations/us-central1/operations/operation-1743358342648-631933ebad1bf-a6297208-4c062261 200
[debug] [2025-03-30T18:12:23.603Z] <<< [apiv2][body] GET https://cloudfunctions.googleapis.com/v2/projects/outnow-8fb25/locations/us-central1/operations/operation-1743358342648-631933ebad1bf-a6297208-4c062261 {"name":"projects/outnow-8fb25/locations/us-central1/operations/operation-1743358342648-631933ebad1bf-a6297208-4c062261","metadata":{"@type":"type.googleapis.com/google.cloud.functions.v2.OperationMetadata","createTime":"2025-03-30T18:12:23.212062611Z","target":"projects/outnow-8fb25/locations/us-central1/functions/setUserRole","verb":"create","cancelRequested":false,"apiVersion":"v2","requestResource":{"@type":"type.googleapis.com/google.cloud.functions.v2.Function","name":"projects/outnow-8fb25/locations/us-central1/functions/setUserRole","buildConfig":{"runtime":"nodejs22","entryPoint":"setUserRole","source":{"storageSource":{"bucket":"gcf-v2-sources-952750487663-us-central1","object":"setUserRole/function-source.zip","generation":"1743358342975048"}},"environmentVariables":{"GOOGLE_NODE_RUN_SCRIPTS":""},"serviceAccount":"projects/outnow-8fb25/serviceAccounts/952750487663-compute@developer.gserviceaccount.com","automaticUpdatePolicy":{}},"serviceConfig":{"service":"projects/outnow-8fb25/locations/us-central1/services/setuserrole","timeoutSeconds":60,"environmentVariables":{"FIREBASE_CONFIG":"{\"projectId\":\"outnow-8fb25\",\"storageBucket\":\"outnow-8fb25.firebasestorage.app\"}","GCLOUD_PROJECT":"outnow-8fb25","EVENTARC_CLOUD_EVENT_SOURCE":"projects/outnow-8fb25/locations/us-central1/services/setUserRole","FUNCTION_TARGET":"setUserRole","LOG_EXECUTION_ID":"true"},"ingressSettings":"ALLOW_ALL","serviceAccountEmail":"952750487663-compute@developer.gserviceaccount.com","availableMemory":"256Mi","maxInstanceRequestConcurrency":80,"availableCpu":"1"},"labels":{"deployment-tool":"cli-firebase","deployment-callable":"true","firebase-functions-hash":"72cbf0cb0bd1ae537eec748844802afd6a52ce46"},"environment":"GEN_2"},"stages":[{"name":"BUILD","state":"NOT_STARTED"},{"name":"SERVICE","state":"NOT_STARTED"}],"operationType":"CREATE_FUNCTION"},"done":false}
[debug] [2025-03-30T18:12:24.108Z] [create-default-us-central1-setUserRole] Retrying task index 0
[debug] [2025-03-30T18:12:24.108Z] Checked if tokens are valid: true, expires at: 1743359826912
[debug] [2025-03-30T18:12:24.109Z] Checked if tokens are valid: true, expires at: 1743359826912
[debug] [2025-03-30T18:12:24.109Z] >>> [apiv2][query] GET https://cloudfunctions.googleapis.com/v2/projects/outnow-8fb25/locations/us-central1/operations/operation-1743358342648-631933ebad1bf-a6297208-4c062261 [none]
[debug] [2025-03-30T18:12:24.834Z] <<< [apiv2][status] GET https://cloudfunctions.googleapis.com/v2/projects/outnow-8fb25/locations/us-central1/operations/operation-1743358342648-631933ebad1bf-a6297208-4c062261 200
[debug] [2025-03-30T18:12:24.835Z] <<< [apiv2][body] GET https://cloudfunctions.googleapis.com/v2/projects/outnow-8fb25/locations/us-central1/operations/operation-1743358342648-631933ebad1bf-a6297208-4c062261 {"name":"projects/outnow-8fb25/locations/us-central1/operations/operation-1743358342648-631933ebad1bf-a6297208-4c062261","metadata":{"@type":"type.googleapis.com/google.cloud.functions.v2.OperationMetadata","createTime":"2025-03-30T18:12:23.212062611Z","target":"projects/outnow-8fb25/locations/us-central1/functions/setUserRole","verb":"create","cancelRequested":false,"apiVersion":"v2","requestResource":{"@type":"type.googleapis.com/google.cloud.functions.v2.Function","name":"projects/outnow-8fb25/locations/us-central1/functions/setUserRole","buildConfig":{"runtime":"nodejs22","entryPoint":"setUserRole","source":{"storageSource":{"bucket":"gcf-v2-sources-952750487663-us-central1","object":"setUserRole/function-source.zip","generation":"1743358342975048"}},"environmentVariables":{"GOOGLE_NODE_RUN_SCRIPTS":""},"serviceAccount":"projects/outnow-8fb25/serviceAccounts/952750487663-compute@developer.gserviceaccount.com","automaticUpdatePolicy":{}},"serviceConfig":{"service":"projects/outnow-8fb25/locations/us-central1/services/setuserrole","timeoutSeconds":60,"environmentVariables":{"FIREBASE_CONFIG":"{\"projectId\":\"outnow-8fb25\",\"storageBucket\":\"outnow-8fb25.firebasestorage.app\"}","GCLOUD_PROJECT":"outnow-8fb25","EVENTARC_CLOUD_EVENT_SOURCE":"projects/outnow-8fb25/locations/us-central1/services/setUserRole","FUNCTION_TARGET":"setUserRole","LOG_EXECUTION_ID":"true"},"ingressSettings":"ALLOW_ALL","serviceAccountEmail":"952750487663-compute@developer.gserviceaccount.com","availableMemory":"256Mi","maxInstanceRequestConcurrency":80,"availableCpu":"1"},"labels":{"deployment-tool":"cli-firebase","deployment-callable":"true","firebase-functions-hash":"72cbf0cb0bd1ae537eec748844802afd6a52ce46"},"environment":"GEN_2"},"stages":[{"name":"BUILD","message":"Build in progress","state":"IN_PROGRESS","resource":"projects/952750487663/locations/us-central1/builds/8d47bef9-4fdc-4fc8-952f-0b4fa70283a2","resourceUri":"https://console.cloud.google.com/cloud-build/builds;region=us-central1/8d47bef9-4fdc-4fc8-952f-0b4fa70283a2?project=952750487663"},{"name":"SERVICE","state":"NOT_STARTED"}],"operationType":"CREATE_FUNCTION","buildName":"projects/952750487663/locations/us-central1/builds/8d47bef9-4fdc-4fc8-952f-0b4fa70283a2"},"done":false}
[debug] [2025-03-30T18:12:25.839Z] [create-default-us-central1-setUserRole] Retrying task index 0
[debug] [2025-03-30T18:12:25.841Z] Checked if tokens are valid: true, expires at: 1743359826912
[debug] [2025-03-30T18:12:25.841Z] Checked if tokens are valid: true, expires at: 1743359826912
[debug] [2025-03-30T18:12:25.842Z] >>> [apiv2][query] GET https://cloudfunctions.googleapis.com/v2/projects/outnow-8fb25/locations/us-central1/operations/operation-1743358342648-631933ebad1bf-a6297208-4c062261 [none]
[debug] [2025-03-30T18:12:26.611Z] <<< [apiv2][status] GET https://cloudfunctions.googleapis.com/v2/projects/outnow-8fb25/locations/us-central1/operations/operation-1743358342648-631933ebad1bf-a6297208-4c062261 200
[debug] [2025-03-30T18:12:26.612Z] <<< [apiv2][body] GET https://cloudfunctions.googleapis.com/v2/projects/outnow-8fb25/locations/us-central1/operations/operation-1743358342648-631933ebad1bf-a6297208-4c062261 {"name":"projects/outnow-8fb25/locations/us-central1/operations/operation-1743358342648-631933ebad1bf-a6297208-4c062261","metadata":{"@type":"type.googleapis.com/google.cloud.functions.v2.OperationMetadata","createTime":"2025-03-30T18:12:23.212062611Z","target":"projects/outnow-8fb25/locations/us-central1/functions/setUserRole","verb":"create","cancelRequested":false,"apiVersion":"v2","requestResource":{"@type":"type.googleapis.com/google.cloud.functions.v2.Function","name":"projects/outnow-8fb25/locations/us-central1/functions/setUserRole","buildConfig":{"runtime":"nodejs22","entryPoint":"setUserRole","source":{"storageSource":{"bucket":"gcf-v2-sources-952750487663-us-central1","object":"setUserRole/function-source.zip","generation":"1743358342975048"}},"environmentVariables":{"GOOGLE_NODE_RUN_SCRIPTS":""},"serviceAccount":"projects/outnow-8fb25/serviceAccounts/952750487663-compute@developer.gserviceaccount.com","automaticUpdatePolicy":{}},"serviceConfig":{"service":"projects/outnow-8fb25/locations/us-central1/services/setuserrole","timeoutSeconds":60,"environmentVariables":{"FIREBASE_CONFIG":"{\"projectId\":\"outnow-8fb25\",\"storageBucket\":\"outnow-8fb25.firebasestorage.app\"}","GCLOUD_PROJECT":"outnow-8fb25","EVENTARC_CLOUD_EVENT_SOURCE":"projects/outnow-8fb25/locations/us-central1/services/setUserRole","FUNCTION_TARGET":"setUserRole","LOG_EXECUTION_ID":"true"},"ingressSettings":"ALLOW_ALL","serviceAccountEmail":"952750487663-compute@developer.gserviceaccount.com","availableMemory":"256Mi","maxInstanceRequestConcurrency":80,"availableCpu":"1"},"labels":{"deployment-tool":"cli-firebase","deployment-callable":"true","firebase-functions-hash":"72cbf0cb0bd1ae537eec748844802afd6a52ce46"},"environment":"GEN_2"},"stages":[{"name":"BUILD","message":"Build in progress","state":"IN_PROGRESS","resource":"projects/952750487663/locations/us-central1/builds/8d47bef9-4fdc-4fc8-952f-0b4fa70283a2","resourceUri":"https://console.cloud.google.com/cloud-build/builds;region=us-central1/8d47bef9-4fdc-4fc8-952f-0b4fa70283a2?project=952750487663"},{"name":"SERVICE","state":"NOT_STARTED"}],"operationType":"CREATE_FUNCTION","buildName":"projects/952750487663/locations/us-central1/builds/8d47bef9-4fdc-4fc8-952f-0b4fa70283a2"},"done":false}
[debug] [2025-03-30T18:12:28.616Z] [create-default-us-central1-setUserRole] Retrying task index 0
[debug] [2025-03-30T18:12:28.617Z] Checked if tokens are valid: true, expires at: 1743359826912
[debug] [2025-03-30T18:12:28.617Z] Checked if tokens are valid: true, expires at: 1743359826912
[debug] [2025-03-30T18:12:28.618Z] >>> [apiv2][query] GET https://cloudfunctions.googleapis.com/v2/projects/outnow-8fb25/locations/us-central1/operations/operation-1743358342648-631933ebad1bf-a6297208-4c062261 [none]
[debug] [2025-03-30T18:12:29.397Z] <<< [apiv2][status] GET https://cloudfunctions.googleapis.com/v2/projects/outnow-8fb25/locations/us-central1/operations/operation-1743358342648-631933ebad1bf-a6297208-4c062261 200
[debug] [2025-03-30T18:12:29.398Z] <<< [apiv2][body] GET https://cloudfunctions.googleapis.com/v2/projects/outnow-8fb25/locations/us-central1/operations/operation-1743358342648-631933ebad1bf-a6297208-4c062261 {"name":"projects/outnow-8fb25/locations/us-central1/operations/operation-1743358342648-631933ebad1bf-a6297208-4c062261","metadata":{"@type":"type.googleapis.com/google.cloud.functions.v2.OperationMetadata","createTime":"2025-03-30T18:12:23.212062611Z","target":"projects/outnow-8fb25/locations/us-central1/functions/setUserRole","verb":"create","cancelRequested":false,"apiVersion":"v2","requestResource":{"@type":"type.googleapis.com/google.cloud.functions.v2.Function","name":"projects/outnow-8fb25/locations/us-central1/functions/setUserRole","buildConfig":{"runtime":"nodejs22","entryPoint":"setUserRole","source":{"storageSource":{"bucket":"gcf-v2-sources-952750487663-us-central1","object":"setUserRole/function-source.zip","generation":"1743358342975048"}},"environmentVariables":{"GOOGLE_NODE_RUN_SCRIPTS":""},"serviceAccount":"projects/outnow-8fb25/serviceAccounts/952750487663-compute@developer.gserviceaccount.com","automaticUpdatePolicy":{}},"serviceConfig":{"service":"projects/outnow-8fb25/locations/us-central1/services/setuserrole","timeoutSeconds":60,"environmentVariables":{"FIREBASE_CONFIG":"{\"projectId\":\"outnow-8fb25\",\"storageBucket\":\"outnow-8fb25.firebasestorage.app\"}","GCLOUD_PROJECT":"outnow-8fb25","EVENTARC_CLOUD_EVENT_SOURCE":"projects/outnow-8fb25/locations/us-central1/services/setUserRole","FUNCTION_TARGET":"setUserRole","LOG_EXECUTION_ID":"true"},"ingressSettings":"ALLOW_ALL","serviceAccountEmail":"952750487663-compute@developer.gserviceaccount.com","availableMemory":"256Mi","maxInstanceRequestConcurrency":80,"availableCpu":"1"},"labels":{"deployment-tool":"cli-firebase","deployment-callable":"true","firebase-functions-hash":"72cbf0cb0bd1ae537eec748844802afd6a52ce46"},"environment":"GEN_2"},"stages":[{"name":"BUILD","message":"Build in progress","state":"IN_PROGRESS","resource":"projects/952750487663/locations/us-central1/builds/8d47bef9-4fdc-4fc8-952f-0b4fa70283a2","resourceUri":"https://console.cloud.google.com/cloud-build/builds;region=us-central1/8d47bef9-4fdc-4fc8-952f-0b4fa70283a2?project=952750487663"},{"name":"SERVICE","state":"NOT_STARTED"}],"operationType":"CREATE_FUNCTION","buildName":"projects/952750487663/locations/us-central1/builds/8d47bef9-4fdc-4fc8-952f-0b4fa70283a2"},"done":false}
[debug] [2025-03-30T18:12:33.403Z] [create-default-us-central1-setUserRole] Retrying task index 0
[debug] [2025-03-30T18:12:33.404Z] Checked if tokens are valid: true, expires at: 1743359826912
[debug] [2025-03-30T18:12:33.405Z] Checked if tokens are valid: true, expires at: 1743359826912
[debug] [2025-03-30T18:12:33.405Z] >>> [apiv2][query] GET https://cloudfunctions.googleapis.com/v2/projects/outnow-8fb25/locations/us-central1/operations/operation-1743358342648-631933ebad1bf-a6297208-4c062261 [none]
[debug] [2025-03-30T18:12:34.116Z] <<< [apiv2][status] GET https://cloudfunctions.googleapis.com/v2/projects/outnow-8fb25/locations/us-central1/operations/operation-1743358342648-631933ebad1bf-a6297208-4c062261 200
[debug] [2025-03-30T18:12:34.117Z] <<< [apiv2][body] GET https://cloudfunctions.googleapis.com/v2/projects/outnow-8fb25/locations/us-central1/operations/operation-1743358342648-631933ebad1bf-a6297208-4c062261 {"name":"projects/outnow-8fb25/locations/us-central1/operations/operation-1743358342648-631933ebad1bf-a6297208-4c062261","metadata":{"@type":"type.googleapis.com/google.cloud.functions.v2.OperationMetadata","createTime":"2025-03-30T18:12:23.212062611Z","target":"projects/outnow-8fb25/locations/us-central1/functions/setUserRole","verb":"create","cancelRequested":false,"apiVersion":"v2","requestResource":{"@type":"type.googleapis.com/google.cloud.functions.v2.Function","name":"projects/outnow-8fb25/locations/us-central1/functions/setUserRole","buildConfig":{"runtime":"nodejs22","entryPoint":"setUserRole","source":{"storageSource":{"bucket":"gcf-v2-sources-952750487663-us-central1","object":"setUserRole/function-source.zip","generation":"1743358342975048"}},"environmentVariables":{"GOOGLE_NODE_RUN_SCRIPTS":""},"serviceAccount":"projects/outnow-8fb25/serviceAccounts/952750487663-compute@developer.gserviceaccount.com","automaticUpdatePolicy":{}},"serviceConfig":{"service":"projects/outnow-8fb25/locations/us-central1/services/setuserrole","timeoutSeconds":60,"environmentVariables":{"FIREBASE_CONFIG":"{\"projectId\":\"outnow-8fb25\",\"storageBucket\":\"outnow-8fb25.firebasestorage.app\"}","GCLOUD_PROJECT":"outnow-8fb25","EVENTARC_CLOUD_EVENT_SOURCE":"projects/outnow-8fb25/locations/us-central1/services/setUserRole","FUNCTION_TARGET":"setUserRole","LOG_EXECUTION_ID":"true"},"ingressSettings":"ALLOW_ALL","serviceAccountEmail":"952750487663-compute@developer.gserviceaccount.com","availableMemory":"256Mi","maxInstanceRequestConcurrency":80,"availableCpu":"1"},"labels":{"deployment-tool":"cli-firebase","deployment-callable":"true","firebase-functions-hash":"72cbf0cb0bd1ae537eec748844802afd6a52ce46"},"environment":"GEN_2"},"stages":[{"name":"BUILD","message":"Build in progress","state":"IN_PROGRESS","resource":"projects/952750487663/locations/us-central1/builds/8d47bef9-4fdc-4fc8-952f-0b4fa70283a2","resourceUri":"https://console.cloud.google.com/cloud-build/builds;region=us-central1/8d47bef9-4fdc-4fc8-952f-0b4fa70283a2?project=952750487663"},{"name":"SERVICE","state":"NOT_STARTED"}],"operationType":"CREATE_FUNCTION","buildName":"projects/952750487663/locations/us-central1/builds/8d47bef9-4fdc-4fc8-952f-0b4fa70283a2"},"done":false}
[debug] [2025-03-30T18:12:42.122Z] [create-default-us-central1-setUserRole] Retrying task index 0
[debug] [2025-03-30T18:12:42.123Z] Checked if tokens are valid: true, expires at: 1743359826912
[debug] [2025-03-30T18:12:42.123Z] Checked if tokens are valid: true, expires at: 1743359826912
[debug] [2025-03-30T18:12:42.124Z] >>> [apiv2][query] GET https://cloudfunctions.googleapis.com/v2/projects/outnow-8fb25/locations/us-central1/operations/operation-1743358342648-631933ebad1bf-a6297208-4c062261 [none]
[debug] [2025-03-30T18:12:42.996Z] <<< [apiv2][status] GET https://cloudfunctions.googleapis.com/v2/projects/outnow-8fb25/locations/us-central1/operations/operation-1743358342648-631933ebad1bf-a6297208-4c062261 200
[debug] [2025-03-30T18:12:42.997Z] <<< [apiv2][body] GET https://cloudfunctions.googleapis.com/v2/projects/outnow-8fb25/locations/us-central1/operations/operation-1743358342648-631933ebad1bf-a6297208-4c062261 {"name":"projects/outnow-8fb25/locations/us-central1/operations/operation-1743358342648-631933ebad1bf-a6297208-4c062261","metadata":{"@type":"type.googleapis.com/google.cloud.functions.v2.OperationMetadata","createTime":"2025-03-30T18:12:23.212062611Z","target":"projects/outnow-8fb25/locations/us-central1/functions/setUserRole","verb":"create","cancelRequested":false,"apiVersion":"v2","requestResource":{"@type":"type.googleapis.com/google.cloud.functions.v2.Function","name":"projects/outnow-8fb25/locations/us-central1/functions/setUserRole","buildConfig":{"runtime":"nodejs22","entryPoint":"setUserRole","source":{"storageSource":{"bucket":"gcf-v2-sources-952750487663-us-central1","object":"setUserRole/function-source.zip","generation":"1743358342975048"}},"environmentVariables":{"GOOGLE_NODE_RUN_SCRIPTS":""},"serviceAccount":"projects/outnow-8fb25/serviceAccounts/952750487663-compute@developer.gserviceaccount.com","automaticUpdatePolicy":{}},"serviceConfig":{"service":"projects/outnow-8fb25/locations/us-central1/services/setuserrole","timeoutSeconds":60,"environmentVariables":{"FIREBASE_CONFIG":"{\"projectId\":\"outnow-8fb25\",\"storageBucket\":\"outnow-8fb25.firebasestorage.app\"}","GCLOUD_PROJECT":"outnow-8fb25","EVENTARC_CLOUD_EVENT_SOURCE":"projects/outnow-8fb25/locations/us-central1/services/setUserRole","FUNCTION_TARGET":"setUserRole","LOG_EXECUTION_ID":"true"},"ingressSettings":"ALLOW_ALL","serviceAccountEmail":"952750487663-compute@developer.gserviceaccount.com","availableMemory":"256Mi","maxInstanceRequestConcurrency":80,"availableCpu":"1"},"labels":{"deployment-tool":"cli-firebase","deployment-callable":"true","firebase-functions-hash":"72cbf0cb0bd1ae537eec748844802afd6a52ce46"},"environment":"GEN_2"},"stages":[{"name":"BUILD","message":"Build in progress","state":"IN_PROGRESS","resource":"projects/952750487663/locations/us-central1/builds/8d47bef9-4fdc-4fc8-952f-0b4fa70283a2","resourceUri":"https://console.cloud.google.com/cloud-build/builds;region=us-central1/8d47bef9-4fdc-4fc8-952f-0b4fa70283a2?project=952750487663"},{"name":"SERVICE","state":"NOT_STARTED"}],"operationType":"CREATE_FUNCTION","buildName":"projects/952750487663/locations/us-central1/builds/8d47bef9-4fdc-4fc8-952f-0b4fa70283a2"},"done":false}
[debug] [2025-03-30T18:12:53.001Z] [create-default-us-central1-setUserRole] Retrying task index 0
[debug] [2025-03-30T18:12:53.002Z] Checked if tokens are valid: true, expires at: 1743359826912
[debug] [2025-03-30T18:12:53.002Z] Checked if tokens are valid: true, expires at: 1743359826912
[debug] [2025-03-30T18:12:53.003Z] >>> [apiv2][query] GET https://cloudfunctions.googleapis.com/v2/projects/outnow-8fb25/locations/us-central1/operations/operation-1743358342648-631933ebad1bf-a6297208-4c062261 [none]
[debug] [2025-03-30T18:12:53.956Z] <<< [apiv2][status] GET https://cloudfunctions.googleapis.com/v2/projects/outnow-8fb25/locations/us-central1/operations/operation-1743358342648-631933ebad1bf-a6297208-4c062261 200
[debug] [2025-03-30T18:12:53.957Z] <<< [apiv2][body] GET https://cloudfunctions.googleapis.com/v2/projects/outnow-8fb25/locations/us-central1/operations/operation-1743358342648-631933ebad1bf-a6297208-4c062261 {"name":"projects/outnow-8fb25/locations/us-central1/operations/operation-1743358342648-631933ebad1bf-a6297208-4c062261","metadata":{"@type":"type.googleapis.com/google.cloud.functions.v2.OperationMetadata","createTime":"2025-03-30T18:12:23.212062611Z","target":"projects/outnow-8fb25/locations/us-central1/functions/setUserRole","verb":"create","cancelRequested":false,"apiVersion":"v2","requestResource":{"@type":"type.googleapis.com/google.cloud.functions.v2.Function","name":"projects/outnow-8fb25/locations/us-central1/functions/setUserRole","buildConfig":{"runtime":"nodejs22","entryPoint":"setUserRole","source":{"storageSource":{"bucket":"gcf-v2-sources-952750487663-us-central1","object":"setUserRole/function-source.zip","generation":"1743358342975048"}},"environmentVariables":{"GOOGLE_NODE_RUN_SCRIPTS":""},"serviceAccount":"projects/outnow-8fb25/serviceAccounts/952750487663-compute@developer.gserviceaccount.com","automaticUpdatePolicy":{}},"serviceConfig":{"service":"projects/outnow-8fb25/locations/us-central1/services/setuserrole","timeoutSeconds":60,"environmentVariables":{"FIREBASE_CONFIG":"{\"projectId\":\"outnow-8fb25\",\"storageBucket\":\"outnow-8fb25.firebasestorage.app\"}","GCLOUD_PROJECT":"outnow-8fb25","EVENTARC_CLOUD_EVENT_SOURCE":"projects/outnow-8fb25/locations/us-central1/services/setUserRole","FUNCTION_TARGET":"setUserRole","LOG_EXECUTION_ID":"true"},"ingressSettings":"ALLOW_ALL","serviceAccountEmail":"952750487663-compute@developer.gserviceaccount.com","availableMemory":"256Mi","maxInstanceRequestConcurrency":80,"availableCpu":"1"},"labels":{"deployment-tool":"cli-firebase","deployment-callable":"true","firebase-functions-hash":"72cbf0cb0bd1ae537eec748844802afd6a52ce46"},"environment":"GEN_2"},"stages":[{"name":"BUILD","message":"Build in progress","state":"IN_PROGRESS","resource":"projects/952750487663/locations/us-central1/builds/8d47bef9-4fdc-4fc8-952f-0b4fa70283a2","resourceUri":"https://console.cloud.google.com/cloud-build/builds;region=us-central1/8d47bef9-4fdc-4fc8-952f-0b4fa70283a2?project=952750487663"},{"name":"SERVICE","state":"NOT_STARTED"}],"operationType":"CREATE_FUNCTION","buildName":"projects/952750487663/locations/us-central1/builds/8d47bef9-4fdc-4fc8-952f-0b4fa70283a2"},"done":false}
[debug] [2025-03-30T18:13:03.961Z] [create-default-us-central1-setUserRole] Retrying task index 0
[debug] [2025-03-30T18:13:03.962Z] Checked if tokens are valid: true, expires at: 1743359826912
[debug] [2025-03-30T18:13:03.962Z] Checked if tokens are valid: true, expires at: 1743359826912
[debug] [2025-03-30T18:13:03.962Z] >>> [apiv2][query] GET https://cloudfunctions.googleapis.com/v2/projects/outnow-8fb25/locations/us-central1/operations/operation-1743358342648-631933ebad1bf-a6297208-4c062261 [none]
[debug] [2025-03-30T18:13:04.807Z] <<< [apiv2][status] GET https://cloudfunctions.googleapis.com/v2/projects/outnow-8fb25/locations/us-central1/operations/operation-1743358342648-631933ebad1bf-a6297208-4c062261 200
[debug] [2025-03-30T18:13:04.807Z] <<< [apiv2][body] GET https://cloudfunctions.googleapis.com/v2/projects/outnow-8fb25/locations/us-central1/operations/operation-1743358342648-631933ebad1bf-a6297208-4c062261 {"name":"projects/outnow-8fb25/locations/us-central1/operations/operation-1743358342648-631933ebad1bf-a6297208-4c062261","metadata":{"@type":"type.googleapis.com/google.cloud.functions.v2.OperationMetadata","createTime":"2025-03-30T18:12:23.212062611Z","target":"projects/outnow-8fb25/locations/us-central1/functions/setUserRole","verb":"create","cancelRequested":false,"apiVersion":"v2","requestResource":{"@type":"type.googleapis.com/google.cloud.functions.v2.Function","name":"projects/outnow-8fb25/locations/us-central1/functions/setUserRole","buildConfig":{"runtime":"nodejs22","entryPoint":"setUserRole","source":{"storageSource":{"bucket":"gcf-v2-sources-952750487663-us-central1","object":"setUserRole/function-source.zip","generation":"1743358342975048"}},"environmentVariables":{"GOOGLE_NODE_RUN_SCRIPTS":""},"serviceAccount":"projects/outnow-8fb25/serviceAccounts/952750487663-compute@developer.gserviceaccount.com","automaticUpdatePolicy":{}},"serviceConfig":{"service":"projects/outnow-8fb25/locations/us-central1/services/setuserrole","timeoutSeconds":60,"environmentVariables":{"FIREBASE_CONFIG":"{\"projectId\":\"outnow-8fb25\",\"storageBucket\":\"outnow-8fb25.firebasestorage.app\"}","GCLOUD_PROJECT":"outnow-8fb25","EVENTARC_CLOUD_EVENT_SOURCE":"projects/outnow-8fb25/locations/us-central1/services/setUserRole","FUNCTION_TARGET":"setUserRole","LOG_EXECUTION_ID":"true"},"ingressSettings":"ALLOW_ALL","serviceAccountEmail":"952750487663-compute@developer.gserviceaccount.com","availableMemory":"256Mi","maxInstanceRequestConcurrency":80,"availableCpu":"1"},"labels":{"deployment-tool":"cli-firebase","deployment-callable":"true","firebase-functions-hash":"72cbf0cb0bd1ae537eec748844802afd6a52ce46"},"environment":"GEN_2"},"stages":[{"name":"BUILD","message":"Build in progress","state":"IN_PROGRESS","resource":"projects/952750487663/locations/us-central1/builds/8d47bef9-4fdc-4fc8-952f-0b4fa70283a2","resourceUri":"https://console.cloud.google.com/cloud-build/builds;region=us-central1/8d47bef9-4fdc-4fc8-952f-0b4fa70283a2?project=952750487663"},{"name":"SERVICE","state":"NOT_STARTED"}],"operationType":"CREATE_FUNCTION","buildName":"projects/952750487663/locations/us-central1/builds/8d47bef9-4fdc-4fc8-952f-0b4fa70283a2"},"done":false}
[debug] [2025-03-30T18:13:14.812Z] [create-default-us-central1-setUserRole] Retrying task index 0
[debug] [2025-03-30T18:13:14.813Z] Checked if tokens are valid: true, expires at: 1743359826912
[debug] [2025-03-30T18:13:14.813Z] Checked if tokens are valid: true, expires at: 1743359826912
[debug] [2025-03-30T18:13:14.813Z] >>> [apiv2][query] GET https://cloudfunctions.googleapis.com/v2/projects/outnow-8fb25/locations/us-central1/operations/operation-1743358342648-631933ebad1bf-a6297208-4c062261 [none]
[debug] [2025-03-30T18:13:15.198Z] <<< [apiv2][status] GET https://cloudfunctions.googleapis.com/v2/projects/outnow-8fb25/locations/us-central1/operations/operation-1743358342648-631933ebad1bf-a6297208-4c062261 200
[debug] [2025-03-30T18:13:15.199Z] <<< [apiv2][body] GET https://cloudfunctions.googleapis.com/v2/projects/outnow-8fb25/locations/us-central1/operations/operation-1743358342648-631933ebad1bf-a6297208-4c062261 {"name":"projects/outnow-8fb25/locations/us-central1/operations/operation-1743358342648-631933ebad1bf-a6297208-4c062261","metadata":{"@type":"type.googleapis.com/google.cloud.functions.v2.OperationMetadata","createTime":"2025-03-30T18:12:23.212062611Z","target":"projects/outnow-8fb25/locations/us-central1/functions/setUserRole","verb":"create","cancelRequested":false,"apiVersion":"v2","requestResource":{"@type":"type.googleapis.com/google.cloud.functions.v2.Function","name":"projects/outnow-8fb25/locations/us-central1/functions/setUserRole","buildConfig":{"runtime":"nodejs22","entryPoint":"setUserRole","source":{"storageSource":{"bucket":"gcf-v2-sources-952750487663-us-central1","object":"setUserRole/function-source.zip","generation":"1743358342975048"}},"environmentVariables":{"GOOGLE_NODE_RUN_SCRIPTS":""},"serviceAccount":"projects/outnow-8fb25/serviceAccounts/952750487663-compute@developer.gserviceaccount.com","automaticUpdatePolicy":{}},"serviceConfig":{"service":"projects/outnow-8fb25/locations/us-central1/services/setuserrole","timeoutSeconds":60,"environmentVariables":{"FIREBASE_CONFIG":"{\"projectId\":\"outnow-8fb25\",\"storageBucket\":\"outnow-8fb25.firebasestorage.app\"}","GCLOUD_PROJECT":"outnow-8fb25","EVENTARC_CLOUD_EVENT_SOURCE":"projects/outnow-8fb25/locations/us-central1/services/setUserRole","FUNCTION_TARGET":"setUserRole","LOG_EXECUTION_ID":"true"},"ingressSettings":"ALLOW_ALL","serviceAccountEmail":"952750487663-compute@developer.gserviceaccount.com","availableMemory":"256Mi","maxInstanceRequestConcurrency":80,"availableCpu":"1"},"labels":{"deployment-tool":"cli-firebase","deployment-callable":"true","firebase-functions-hash":"72cbf0cb0bd1ae537eec748844802afd6a52ce46"},"environment":"GEN_2"},"stages":[{"name":"BUILD","message":"Build in progress","state":"IN_PROGRESS","resource":"projects/952750487663/locations/us-central1/builds/8d47bef9-4fdc-4fc8-952f-0b4fa70283a2","resourceUri":"https://console.cloud.google.com/cloud-build/builds;region=us-central1/8d47bef9-4fdc-4fc8-952f-0b4fa70283a2?project=952750487663"},{"name":"SERVICE","state":"NOT_STARTED"}],"operationType":"CREATE_FUNCTION","buildName":"projects/952750487663/locations/us-central1/builds/8d47bef9-4fdc-4fc8-952f-0b4fa70283a2"},"done":false}
[debug] [2025-03-30T18:13:25.205Z] [create-default-us-central1-setUserRole] Retrying task index 0
[debug] [2025-03-30T18:13:25.206Z] Checked if tokens are valid: true, expires at: 1743359826912
[debug] [2025-03-30T18:13:25.206Z] Checked if tokens are valid: true, expires at: 1743359826912
[debug] [2025-03-30T18:13:25.207Z] >>> [apiv2][query] GET https://cloudfunctions.googleapis.com/v2/projects/outnow-8fb25/locations/us-central1/operations/operation-1743358342648-631933ebad1bf-a6297208-4c062261 [none]
[debug] [2025-03-30T18:13:26.027Z] <<< [apiv2][status] GET https://cloudfunctions.googleapis.com/v2/projects/outnow-8fb25/locations/us-central1/operations/operation-1743358342648-631933ebad1bf-a6297208-4c062261 200
[debug] [2025-03-30T18:13:26.027Z] <<< [apiv2][body] GET https://cloudfunctions.googleapis.com/v2/projects/outnow-8fb25/locations/us-central1/operations/operation-1743358342648-631933ebad1bf-a6297208-4c062261 {"name":"projects/outnow-8fb25/locations/us-central1/operations/operation-1743358342648-631933ebad1bf-a6297208-4c062261","metadata":{"@type":"type.googleapis.com/google.cloud.functions.v2.OperationMetadata","createTime":"2025-03-30T18:12:23.212062611Z","endTime":"2025-03-30T18:13:24.357262073Z","target":"projects/outnow-8fb25/locations/us-central1/functions/setUserRole","verb":"create","cancelRequested":false,"apiVersion":"v2","requestResource":{"@type":"type.googleapis.com/google.cloud.functions.v2.Function","name":"projects/outnow-8fb25/locations/us-central1/functions/setUserRole","buildConfig":{"runtime":"nodejs22","entryPoint":"setUserRole","source":{"storageSource":{"bucket":"gcf-v2-sources-952750487663-us-central1","object":"setUserRole/function-source.zip","generation":"1743358342975048"}},"environmentVariables":{"GOOGLE_NODE_RUN_SCRIPTS":""},"serviceAccount":"projects/outnow-8fb25/serviceAccounts/952750487663-compute@developer.gserviceaccount.com","automaticUpdatePolicy":{}},"serviceConfig":{"service":"projects/outnow-8fb25/locations/us-central1/services/setuserrole","timeoutSeconds":60,"environmentVariables":{"FIREBASE_CONFIG":"{\"projectId\":\"outnow-8fb25\",\"storageBucket\":\"outnow-8fb25.firebasestorage.app\"}","GCLOUD_PROJECT":"outnow-8fb25","EVENTARC_CLOUD_EVENT_SOURCE":"projects/outnow-8fb25/locations/us-central1/services/setUserRole","FUNCTION_TARGET":"setUserRole","LOG_EXECUTION_ID":"true"},"ingressSettings":"ALLOW_ALL","serviceAccountEmail":"952750487663-compute@developer.gserviceaccount.com","availableMemory":"256Mi","maxInstanceRequestConcurrency":80,"availableCpu":"1"},"labels":{"deployment-tool":"cli-firebase","deployment-callable":"true","firebase-functions-hash":"72cbf0cb0bd1ae537eec748844802afd6a52ce46"},"environment":"GEN_2"},"stages":[{"name":"BUILD","message":"Build finished","state":"COMPLETE","resource":"projects/952750487663/locations/us-central1/builds/8d47bef9-4fdc-4fc8-952f-0b4fa70283a2","resourceUri":"https://console.cloud.google.com/cloud-build/builds;region=us-central1/8d47bef9-4fdc-4fc8-952f-0b4fa70283a2?project=952750487663"},{"name":"SERVICE","message":"Creating Cloud Run service","state":"COMPLETE","resource":"projects/outnow-8fb25/locations/us-central1/services/setuserrole","resourceUri":"https://console.cloud.google.com/run/detail/us-central1/setuserrole?project=outnow-8fb25"}],"sourceToken":"Cldwcm9qZWN0cy85NTI3NTA0ODc2NjMvbG9jYXRpb25zL3VzLWNlbnRyYWwxL2J1aWxkcy84ZDQ3YmVmOS00ZmRjLTRmYzgtOTUyZi0wYjRmYTcwMjgzYTISanVzLWNlbnRyYWwxLWRvY2tlci5wa2cuZGV2L291dG5vdy04ZmIyNS9nY2YtYXJ0aWZhY3RzL291dG5vdy0tOGZiMjVfX3VzLS1jZW50cmFsMV9fc2V0X3VzZXJfcm9sZTp2ZXJzaW9uXzEY7/Dqot0bIkFwcm9qZWN0cy9vdXRub3ctOGZiMjUvbG9jYXRpb25zL3VzLWNlbnRyYWwxL2Z1bmN0aW9ucy9zZXRVc2VyUm9sZSoMCLuTpr8GEMCO2osCMghub2RlanMyMjp2CiNnY3IuaW8vZ2FlLXJ1bnRpbWVzL25vZGVqczIyOnN0YWJsZRJPdXMtY2VudHJhbDEtZG9ja2VyLnBrZy5kZXYvc2VydmVybGVzcy1ydW50aW1lcy9nb29nbGUtMjItZnVsbC9ydW50aW1lcy9ub2RlanMyMkAB","operationType":"CREATE_FUNCTION","buildName":"projects/952750487663/locations/us-central1/builds/8d47bef9-4fdc-4fc8-952f-0b4fa70283a2"},"done":true,"response":{"@type":"type.googleapis.com/google.cloud.functions.v2.Function","name":"projects/outnow-8fb25/locations/us-central1/functions/setUserRole","buildConfig":{"build":"projects/952750487663/locations/us-central1/builds/8d47bef9-4fdc-4fc8-952f-0b4fa70283a2","runtime":"nodejs22","entryPoint":"setUserRole","source":{"storageSource":{"bucket":"gcf-v2-sources-952750487663-us-central1","object":"setUserRole/function-source.zip","generation":"1743358342975048"}},"environmentVariables":{"GOOGLE_NODE_RUN_SCRIPTS":""},"dockerRepository":"projects/outnow-8fb25/locations/us-central1/repositories/gcf-artifacts","sourceProvenance":{"resolvedStorageSource":{"bucket":"gcf-v2-sources-952750487663-us-central1","object":"setUserRole/function-source.zip","generation":"1743358342975048"}},"dockerRegistry":"ARTIFACT_REGISTRY","serviceAccount":"projects/outnow-8fb25/serviceAccounts/952750487663-compute@developer.gserviceaccount.com","automaticUpdatePolicy":{}},"serviceConfig":{"service":"projects/outnow-8fb25/locations/us-central1/services/setuserrole","timeoutSeconds":60,"environmentVariables":{"FIREBASE_CONFIG":"{\"projectId\":\"outnow-8fb25\",\"storageBucket\":\"outnow-8fb25.firebasestorage.app\"}","GCLOUD_PROJECT":"outnow-8fb25","EVENTARC_CLOUD_EVENT_SOURCE":"projects/outnow-8fb25/locations/us-central1/services/setUserRole","FUNCTION_TARGET":"setUserRole","LOG_EXECUTION_ID":"true"},"maxInstanceCount":100,"ingressSettings":"ALLOW_ALL","uri":"https://setuserrole-zqaba7bi3q-uc.a.run.app","serviceAccountEmail":"952750487663-compute@developer.gserviceaccount.com","availableMemory":"256Mi","allTrafficOnLatestRevision":true,"revision":"setuserrole-00001-tov","maxInstanceRequestConcurrency":80,"availableCpu":"1"},"state":"ACTIVE","updateTime":"2025-03-30T18:12:23.207667781Z","labels":{"deployment-tool":"cli-firebase","deployment-callable":"true","firebase-functions-hash":"72cbf0cb0bd1ae537eec748844802afd6a52ce46"},"environment":"GEN_2","url":"https://us-central1-outnow-8fb25.cloudfunctions.net/setUserRole","createTime":"2025-03-30T18:12:23.207667781Z","satisfiesPzi":true}}
[debug] [2025-03-30T18:13:26.043Z] Got source token Cldwcm9qZWN0cy85NTI3NTA0ODc2NjMvbG9jYXRpb25zL3VzLWNlbnRyYWwxL2J1aWxkcy84ZDQ3YmVmOS00ZmRjLTRmYzgtOTUyZi0wYjRmYTcwMjgzYTISanVzLWNlbnRyYWwxLWRvY2tlci5wa2cuZGV2L291dG5vdy04ZmIyNS9nY2YtYXJ0aWZhY3RzL291dG5vdy0tOGZiMjVfX3VzLS1jZW50cmFsMV9fc2V0X3VzZXJfcm9sZTp2ZXJzaW9uXzEY7/Dqot0bIkFwcm9qZWN0cy9vdXRub3ctOGZiMjUvbG9jYXRpb25zL3VzLWNlbnRyYWwxL2Z1bmN0aW9ucy9zZXRVc2VyUm9sZSoMCLuTpr8GEMCO2osCMghub2RlanMyMjp2CiNnY3IuaW8vZ2FlLXJ1bnRpbWVzL25vZGVqczIyOnN0YWJsZRJPdXMtY2VudHJhbDEtZG9ja2VyLnBrZy5kZXYvc2VydmVybGVzcy1ydW50aW1lcy9nb29nbGUtMjItZnVsbC9ydW50aW1lcy9ub2RlanMyMkAB for region us-central1
[debug] [2025-03-30T18:13:26.044Z] Checked if tokens are valid: true, expires at: 1743359826912
[debug] [2025-03-30T18:13:26.044Z] Checked if tokens are valid: true, expires at: 1743359826912
[debug] [2025-03-30T18:13:26.048Z] >>> [apiv2][query] POST https://run.googleapis.com/v1/projects/outnow-8fb25/locations/us-central1/services/setuserrole:setIamPolicy [none]
[debug] [2025-03-30T18:13:26.049Z] >>> [apiv2][body] POST https://run.googleapis.com/v1/projects/outnow-8fb25/locations/us-central1/services/setuserrole:setIamPolicy {"policy":{"bindings":[{"role":"roles/run.invoker","members":["allUsers"]}],"etag":"","version":3},"updateMask":"bindings,etag,version"}
[debug] [2025-03-30T18:13:27.854Z] <<< [apiv2][status] POST https://run.googleapis.com/v1/projects/outnow-8fb25/locations/us-central1/services/setuserrole:setIamPolicy 200
[debug] [2025-03-30T18:13:27.854Z] <<< [apiv2][body] POST https://run.googleapis.com/v1/projects/outnow-8fb25/locations/us-central1/services/setuserrole:setIamPolicy {"version":1,"etag":"BwYxk0Ka5uY=","bindings":[{"role":"roles/run.invoker","members":["allUsers"]}]}
[info] ✔  functions[setUserRole(us-central1)] Successful create operation. 
[debug] [2025-03-30T18:13:27.863Z] Total Function Deployment time: 65877
[debug] [2025-03-30T18:13:27.863Z] 1 Functions Deployed
[debug] [2025-03-30T18:13:27.863Z] 0 Functions Errored
[debug] [2025-03-30T18:13:27.863Z] 0 Function Deployments Aborted
[debug] [2025-03-30T18:13:27.863Z] Average Function Deployment time: 65876
[debug] [2025-03-30T18:13:28.024Z] Checked if tokens are valid: true, expires at: 1743359826912
[debug] [2025-03-30T18:13:28.025Z] Checked if tokens are valid: true, expires at: 1743359826912
[debug] [2025-03-30T18:13:28.025Z] >>> [apiv2][query] GET https://artifactregistry.googleapis.com/v1/projects/outnow-8fb25/locations/us-central1/repositories/gcf-artifacts [none]
[debug] [2025-03-30T18:13:29.000Z] <<< [apiv2][status] GET https://artifactregistry.googleapis.com/v1/projects/outnow-8fb25/locations/us-central1/repositories/gcf-artifacts 200
[debug] [2025-03-30T18:13:29.000Z] <<< [apiv2][body] GET https://artifactregistry.googleapis.com/v1/projects/outnow-8fb25/locations/us-central1/repositories/gcf-artifacts {"name":"projects/outnow-8fb25/locations/us-central1/repositories/gcf-artifacts","format":"DOCKER","description":"This repository is created and used by Cloud Functions for storing function docker images.","labels":{"goog-managed-by":"cloudfunctions"},"createTime":"2025-03-30T17:27:49.673554Z","updateTime":"2025-03-30T18:13:12.155131Z","mode":"STANDARD_REPOSITORY","cleanupPolicies":{"firebase-functions-cleanup":{"id":"firebase-functions-cleanup","action":"DELETE","condition":{"tagState":"ANY","olderThan":"2592000s"}}},"sizeBytes":"94368908","vulnerabilityScanningConfig":{"lastEnableTime":"2025-03-30T17:27:40.207360463Z","enablementState":"SCANNING_DISABLED","enablementStateReason":"API containerscanning.googleapis.com is not enabled."},"satisfiesPzi":true,"registryUri":"us-central1-docker.pkg.dev/outnow-8fb25/gcf-artifacts"}
[info] 
[info] ✔  Deploy complete! 
[info] 
[info] Project Console: https://console.firebase.google.com/project/outnow-8fb25/overview
